<?xml version="1.0" encoding="UTF-8"?>
<testng-results skipped="0" failed="1" total="1" passed="0">
  <reporter-output>
  </reporter-output>
  <suite name="Default suite" duration-ms="8766" started-at="2019-03-29T15:13:15Z" finished-at="2019-03-29T15:13:24Z">
    <groups>
    </groups>
    <test name="Default test" duration-ms="8766" started-at="2019-03-29T15:13:15Z" finished-at="2019-03-29T15:13:24Z">
      <class name="alert.Action.frame.Wait.Dropdown.RadioBtn.Checkbox.Pagination2">
        <test-method status="PASS" signature="setUp()[pri:0, instance:alert.Action.frame.Wait.Dropdown.RadioBtn.Checkbox.Pagination2@29ca901e]" name="setUp" is-config="true" duration-ms="8733" started-at="2019-03-29T20:43:15Z" finished-at="2019-03-29T20:43:24Z">
          <reporter-output>
          </reporter-output>
        </test-method> <!-- setUp -->
        <test-method status="FAIL" signature="getCellDatafromWebTable()[pri:0, instance:alert.Action.frame.Wait.Dropdown.RadioBtn.Checkbox.Pagination2@29ca901e]" name="getCellDatafromWebTable" duration-ms="12" started-at="2019-03-29T20:43:24Z" finished-at="2019-03-29T20:43:24Z">
          <exception class="java.lang.NullPointerException">
            <full-stacktrace>
              <![CDATA[java.lang.NullPointerException
	at alert.Action.frame.Wait.Dropdown.RadioBtn.Checkbox.Pagination2.getCellDatafromWebTable(Pagination2.java:34)
	at sun.reflect.NativeMethodAccessorImpl.invoke0(Native Method)
	at sun.reflect.NativeMethodAccessorImpl.invoke(NativeMethodAccessorImpl.java:62)
	at sun.reflect.DelegatingMethodAccessorImpl.invoke(DelegatingMethodAccessorImpl.java:43)
	at java.lang.reflect.Method.invoke(Method.java:498)
	at org.testng.internal.MethodInvocationHelper.invokeMethod(MethodInvocationHelper.java:85)
	at org.testng.internal.Invoker.invokeMethod(Invoker.java:639)
	at org.testng.internal.Invoker.invokeTestMethod(Invoker.java:816)
	at org.testng.internal.Invoker.invokeTestMethods(Invoker.java:1124)
	at org.testng.internal.TestMethodWorker.invokeTestMethods(TestMethodWorker.java:125)
	at org.testng.internal.TestMethodWorker.run(TestMethodWorker.java:108)
	at org.testng.TestRunner.privateRun(TestRunner.java:774)
	at org.testng.TestRunner.run(TestRunner.java:624)
	at org.testng.SuiteRunner.runTest(SuiteRunner.java:359)
	at org.testng.SuiteRunner.runSequentially(SuiteRunner.java:354)
	at org.testng.SuiteRunner.privateRun(SuiteRunner.java:312)
	at org.testng.SuiteRunner.run(SuiteRunner.java:261)
	at org.testng.SuiteRunnerWorker.runSuite(SuiteRunnerWorker.java:52)
	at org.testng.SuiteRunnerWorker.run(SuiteRunnerWorker.java:86)
	at org.testng.TestNG.runSuitesSequentially(TestNG.java:1215)
	at org.testng.TestNG.runSuitesLocally(TestNG.java:1140)
	at org.testng.TestNG.run(TestNG.java:1048)
	at org.testng.remote.AbstractRemoteTestNG.run(AbstractRemoteTestNG.java:115)
	at org.testng.remote.RemoteTestNG.initAndRun(RemoteTestNG.java:251)
	at org.testng.remote.RemoteTestNG.main(RemoteTestNG.java:77)
]]>
            </full-stacktrace>
          </exception> <!-- java.lang.NullPointerException -->
          <reporter-output>
          </reporter-output>
        </test-method> <!-- getCellDatafromWebTable -->
      </class> <!-- alert.Action.frame.Wait.Dropdown.RadioBtn.Checkbox.Pagination2 -->
    </test> <!-- Default test -->
  </suite> <!-- Default suite -->
</testng-results>
